<?xml version="1.0" encoding="UTF-8"?>
<!-- Generated by org.testng.reporters.JUnitReportReporter -->
<testsuite skipped="0" hostname="LAPTOP-J165O7BA" name="Sample2.Test2" tests="1" failures="0" timestamp="12 Mar 2022 06:32:24 GMT" time="6.624" errors="0">
  <testcase name="validategoogle" time="6.624" classname="Sample2.Test2"/>
</testsuite> <!-- Sample2.Test2 -->
