<?xml version="1.0" encoding="UTF-8"?>
<!-- Generated by org.testng.reporters.JUnitReportReporter -->
<testsuite skipped="0" hostname="LAPTOP-J165O7BA" name="Sample1.Test1" tests="1" failures="0" timestamp="06 Mar 2022 05:55:51 GMT" time="8.638" errors="0">
  <testcase name="validategoogle" time="8.638" classname="Sample1.Test1"/>
</testsuite> <!-- Sample1.Test1 -->
