<?xml version="1.0" encoding="UTF-8"?>
<!-- Generated by org.testng.reporters.JUnitReportReporter -->
<testsuite skipped="0" hostname="LAPTOP-J165O7BA" name="Sample2.Test2" tests="1" failures="0" timestamp="06 Mar 2022 06:05:00 GMT" time="6.586" errors="0">
  <testcase name="validategoogle" time="6.586" classname="Sample2.Test2"/>
</testsuite> <!-- Sample2.Test2 -->
